<?xml version="1.0" encoding="UTF-8"?>
<coverage generated="1779809512717" clover="3.2.0">
  <project timestamp="1779809512717" name="All files">
    <metrics statements="12" coveredstatements="12" conditionals="12" coveredconditionals="12" methods="3" coveredmethods="3" elements="27" coveredelements="27" complexity="0" loc="12" ncloc="12" packages="1" files="3" classes="3"/>
    <file name="alertaQueimadas.js" path="C:\Users\carlo\Documents\Meus arquivos\Faculdade\4-semestre\inpe-alertas\src\utils\alertaQueimadas.js">
      <metrics statements="6" coveredstatements="6" conditionals="8" coveredconditionals="8" methods="1" coveredmethods="1"/>
      <line num="2" count="4" type="cond" truecount="4" falsecount="0"/>
      <line num="3" count="2" type="stmt"/>
      <line num="4" count="2" type="cond" truecount="4" falsecount="0"/>
      <line num="5" count="1" type="stmt"/>
      <line num="7" count="1" type="stmt"/>
      <line num="11" count="1" type="stmt"/>
    </file>
    <file name="classificarAlertas.js" path="C:\Users\carlo\Documents\Meus arquivos\Faculdade\4-semestre\inpe-alertas\src\utils\classificarAlertas.js">
      <metrics statements="4" coveredstatements="4" conditionals="4" coveredconditionals="4" methods="1" coveredmethods="1"/>
      <line num="2" count="7" type="cond" truecount="2" falsecount="0"/>
      <line num="3" count="4" type="cond" truecount="2" falsecount="0"/>
      <line num="4" count="2" type="stmt"/>
      <line num="7" count="2" type="stmt"/>
    </file>
    <file name="enviarNotificacao.js" path="C:\Users\carlo\Documents\Meus arquivos\Faculdade\4-semestre\inpe-alertas\src\utils\enviarNotificacao.js">
      <metrics statements="2" coveredstatements="2" conditionals="0" coveredconditionals="0" methods="1" coveredmethods="1"/>
      <line num="2" count="3" type="stmt"/>
      <line num="5" count="1" type="stmt"/>
    </file>
  </project>
</coverage>
