{"C:\\Users\\carlo\\Documents\\Meus arquivos\\Faculdade\\4-semestre\\inpe-alertas\\src\\utils\\classificarAlertas.js": {"path":"C:\\Users\\carlo\\Documents\\Meus arquivos\\Faculdade\\4-semestre\\inpe-alertas\\src\\utils\\classificarAlertas.js","statementMap":{"0":{"start":{"line":2,"column":2},"end":{"line":2,"column":35}},"1":{"start":{"line":2,"column":18},"end":{"line":2,"column":35}},"2":{"start":{"line":3,"column":2},"end":{"line":3,"column":32}},"3":{"start":{"line":3,"column":18},"end":{"line":3,"column":32}},"4":{"start":{"line":4,"column":2},"end":{"line":4,"column":20}},"5":{"start":{"line":7,"column":0},"end":{"line":7,"column":35}}},"fnMap":{"0":{"name":"classificarAlerta","decl":{"start":{"line":1,"column":9},"end":{"line":1,"column":26}},"loc":{"start":{"line":1,"column":34},"end":{"line":5,"column":1}},"line":1}},"branchMap":{"0":{"loc":{"start":{"line":2,"column":2},"end":{"line":2,"column":35}},"type":"if","locations":[{"start":{"line":2,"column":2},"end":{"line":2,"column":35}},{"start":{},"end":{}}],"line":2},"1":{"loc":{"start":{"line":3,"column":2},"end":{"line":3,"column":32}},"type":"if","locations":[{"start":{"line":3,"column":2},"end":{"line":3,"column":32}},{"start":{},"end":{}}],"line":3}},"s":{"0":7,"1":3,"2":4,"3":2,"4":2,"5":2},"f":{"0":7},"b":{"0":[3,4],"1":[2,2]},"_coverageSchema":"1a1c01bbd47fc00a2c39e90264f33305004495a9","hash":"506d7dd88a1426c7eb2f69f93a795afa6776ce09"}
,"C:\\Users\\carlo\\Documents\\Meus arquivos\\Faculdade\\4-semestre\\inpe-alertas\\src\\utils\\enviarNotificacao.js": {"path":"C:\\Users\\carlo\\Documents\\Meus arquivos\\Faculdade\\4-semestre\\inpe-alertas\\src\\utils\\enviarNotificacao.js","statementMap":{"0":{"start":{"line":2,"column":4},"end":{"line":2,"column":44}},"1":{"start":{"line":5,"column":0},"end":{"line":5,"column":35}}},"fnMap":{"0":{"name":"enviarNotificacao","decl":{"start":{"line":1,"column":9},"end":{"line":1,"column":26}},"loc":{"start":{"line":1,"column":35},"end":{"line":3,"column":1}},"line":1}},"branchMap":{},"s":{"0":3,"1":1},"f":{"0":3},"b":{},"_coverageSchema":"1a1c01bbd47fc00a2c39e90264f33305004495a9","hash":"633696f8a4910c0b3a7cb7e0abe94bb1581323f6"}
}
