TN:
SF:src\utils\alertaQueimadas.js
FN:1,alertaQueimadas
FNF:1
FNH:1
FNDA:4,alertaQueimadas
DA:2,4
DA:3,2
DA:4,2
DA:5,1
DA:7,1
DA:11,1
LF:6
LH:6
BRDA:2,0,0,2
BRDA:2,0,1,2
BRDA:2,1,0,4
BRDA:2,1,1,4
BRDA:4,2,0,1
BRDA:4,2,1,1
BRDA:4,3,0,2
BRDA:4,3,1,2
BRF:8
BRH:8
end_of_record
TN:
SF:src\utils\classificarAlertas.js
FN:1,classificarAlerta
FNF:1
FNH:1
FNDA:7,classificarAlerta
DA:2,7
DA:3,4
DA:4,2
DA:7,2
LF:4
LH:4
BRDA:2,0,0,3
BRDA:2,0,1,4
BRDA:3,1,0,2
BRDA:3,1,1,2
BRF:4
BRH:4
end_of_record
TN:
SF:src\utils\enviarNotificacao.js
FN:1,enviarNotificacao
FNF:1
FNH:1
FNDA:3,enviarNotificacao
DA:2,3
DA:5,1
LF:2
LH:2
BRF:0
BRH:0
end_of_record
